<?xml version="1.0" encoding="UTF-8"?>
<!-- Generated by org.testng.reporters.JUnitReportReporter -->
<testsuite hostname="Praveen" failures="0" tests="1" name="cubepay.radiumonegoplus.SwipeTest" time="17.751" errors="0" timestamp="2024-08-08T23:32:27 IST" skipped="0">
  <testcase classname="cubepay.radiumonegoplus.SwipeTest" name="swipeFunctionality" time="17.751"/>
</testsuite> <!-- cubepay.radiumonegoplus.SwipeTest -->
