<?xml version="1.0" encoding="UTF-8"?>
<!-- Generated by org.testng.reporters.JUnitReportReporter -->
<testsuite hostname="Praveen" failures="0" tests="1" name="generalStore.MobileBrowserTest" time="30.039" errors="0" timestamp="2024-08-11T17:48:41 IST" skipped="0">
  <testcase classname="generalStore.MobileBrowserTest" name="ChromeBrowserTest" time="30.039"/>
</testsuite> <!-- generalStore.MobileBrowserTest -->
