<?xml version="1.0" encoding="UTF-8"?>
<!-- Generated by org.testng.reporters.JUnitReportReporter -->
<testsuite hostname="Praveen" failures="0" tests="1" name="cubepay.radiumonegoplus.LongPress" time="24.630" errors="0" timestamp="2024-08-07T14:52:35 IST" skipped="0">
  <testcase classname="cubepay.radiumonegoplus.LongPress" name="longPressGesture" time="24.630"/>
</testsuite> <!-- cubepay.radiumonegoplus.LongPress -->
