<?xml version="1.0" encoding="UTF-8"?>
<!-- Generated by org.testng.reporters.JUnitReportReporter -->
<testsuite hostname="Praveen" failures="0" tests="1" name="cubepay.radiumonegoplus.MiscellanousAction" time="21.686" errors="0" timestamp="2024-08-10T11:06:20 IST" skipped="0">
  <testcase classname="cubepay.radiumonegoplus.MiscellanousAction" name="action" time="21.686"/>
</testsuite> <!-- cubepay.radiumonegoplus.MiscellanousAction -->
