<?xml version="1.0" encoding="UTF-8"?>
<!-- Generated by org.testng.reporters.JUnitReportReporter -->
<testsuite hostname="Praveen" failures="0" tests="1" name="cubepay.radiumonegoplus.BasicTest" time="18.143" errors="0" timestamp="2024-08-07T11:18:49 IST" skipped="0">
  <testcase classname="cubepay.radiumonegoplus.BasicTest" name="basicTest" time="18.143"/>
</testsuite> <!-- cubepay.radiumonegoplus.BasicTest -->
