<?xml version="1.0" encoding="UTF-8"?>
<!-- Generated by org.testng.reporters.JUnitReportReporter -->
<testsuite hostname="Praveen" failures="0" tests="1" name="generalStore.FirstTest" time="39.315" errors="0" timestamp="2024-08-10T22:02:32 IST" skipped="0">
  <testcase classname="generalStore.FirstTest" name="fillForm" time="39.315"/>
</testsuite> <!-- generalStore.FirstTest -->
