<?xml version="1.0" encoding="UTF-8"?>
<!-- Generated by org.testng.reporters.JUnitReportReporter -->
<testsuite hostname="Praveen" failures="0" tests="1" name="cubepay.radiumonegoplus.ScrollBy" time="41.026" errors="0" timestamp="2024-08-07T15:30:06 IST" skipped="0">
  <testcase classname="cubepay.radiumonegoplus.ScrollBy" name="scrollTest" time="41.026"/>
</testsuite> <!-- cubepay.radiumonegoplus.ScrollBy -->
