<?xml version="1.0" encoding="UTF-8"?>
<!-- Generated by org.testng.reporters.JUnitReportReporter -->
<testsuite hostname="Praveen" failures="0" tests="1" name="cubepay.radiumonegoplus.DragGesture" time="16.823" errors="0" timestamp="2024-08-09T23:41:13 IST" skipped="0">
  <testcase classname="cubepay.radiumonegoplus.DragGesture" name="dragGesture" time="16.823"/>
</testsuite> <!-- cubepay.radiumonegoplus.DragGesture -->
